
ROM used:   6420/131072 (5%)
            6420/131072 (5%) including unused fragments

            0.8 Average locations per line
            6.9 Average locations per statement

RAM used:   439/3562 (12%) at main() level
            485/3562 (14%) worst case

Stack used: 3 worst case (0 in main + 3 for interrupts)
Stack size: 31

Lines Stmts  %   Files
----- ----- ---  -----
  317   109  12  src\main.c
 2223     0   0  ..\..\..\..\..\Program Files (x86)\PICC\Devices\18F67K40.h
   95     0   0  include\tunacore.h
  435     0   0  ..\..\..\..\..\Program Files (x86)\PICC\Drivers\string.h
   32     0   0  ..\..\..\..\..\Program Files (x86)\PICC\Drivers\stddef.h
   28     0   0  ..\..\..\..\..\Program Files (x86)\PICC\Drivers\ctype.h
 1352   359  39  ..\..\..\..\..\Program Files (x86)\PICC\Drivers\stdlib.h
  419   159  17  ..\..\..\..\..\Program Files (x86)\PICC\Drivers\stdlibm.h
   76    13   1  ..\..\..\..\..\Program Files (x86)\PICC\Drivers\memmgmt.c
  204     8   1  ..\..\..\..\..\Program Files (x86)\PICC\Drivers\ieeefloat.c
   88     0   0  lib\tuna-modbus\modbus.c
  200     0   0  lib\tuna-modbus\modbus.h
  209     0   0  lib\tuna-modbus\modbus_phy_layer.h
  597     0   0  lib\tuna-modbus\modbus_app_layer.h
  405    70   8  lib\tuna-modbus\modbus_phy_layer_rtu.c
 1046   163  17  lib\tuna-modbus\modbus_app_layer.c
   38     0   0  lib\devices\generic_uart.h
  153    51   5  lib\devices\generic_uart.c
----- -----
 7917   932 Total

Page ROM  %  RAM    Vol Diff  Functions:
---- --- --- ---    --- ----  ----------
0    142   1   11    333  7.3  strncpy
0    246   2   11             @MULFF
0     54   0    2             @ITOF
0    632   5   16             @ADDFF
0    352   3   14             @DIVFF
0    594   5   19   1549 12.4  strtof
0     28   0    0             @MEMSET
0     68   1    6    270  5.9  f_PICtoIEEE
0     14   0    0             @TIMERISR_1
0     90   1    0             @GET_TICKS_1
0     72   1    2             @SET_TICKS_1
0     32   0    1             @PUTCHAR_BIU_2
0     26   0    0             @GETCH_BIU_2
0    276   2    0             @const1474
0    276   2    0             @const1477
0     26   0    0    344  2.8  RCV_ON
0     18   0    1     43  1.5  modbus_enable_timeout
0     60   0    0    259  5.0  modbus_timeout_now
0     40   0    2     80  2.7  modbus_check_timeout
0     38   0    2    230  3.2  modbus_calc_crc
0     36   0    1     88  2.1  modbus_serial_putc
0     40   0    2    235  4.0  modbus_serial_send_start
0     52   0    2    495  5.7  modbus_serial_send_stop
0    106   1    3    724  6.0  incomming_modbus_serial
0     14   0    0     47  1.3  modbus_init
0     36   0    0    267  5.5  modbus_kbhit
0     70   1    6    258  5.3  modbus_read_coils_rsp
0     70   1    6    258  5.3  modbus_read_discrete_input_rsp
0    124   1    8    351  5.5  modbus_read_holding_registers_rsp
0    124   1    8    351  5.5  modbus_read_input_registers_rsp
0     60   0    6    270  2.1  modbus_write_single_coil_rsp
0     60   0    6    270  2.1  modbus_write_single_register_rsp
0     60   0    6    270  2.1  modbus_write_multiple_coils_rsp
0     60   0    6    270  2.1  modbus_write_multiple_registers_rsp
0     32   0    6    131  1.6  modbus_exception_rsp
0     34   0    0             @GETCH_BIU_3
0    104   1    5    349  5.6  uart_serial_rcv
0     18   0    0     66  2.3  clean_buffer
0     24   0    0    179  2.7  device_init
0     12   0    0             @const1524
0     12   0    0             @const1529
0     20   0    0             @const1531
0     26   0    0             @const1538
0     26   0    0             @const1539
0    164   1    8    781  6.5  procesar_trama
0    106   1    2    464  3.8  swap_bits
0   1118   9   11   6877 15.5  procesar_modbus
0    516   4    3    717  6.4  MAIN
 Inline         0             @cinit1

Program metrics:
    Functions               30
    Statements              932
    Comments                1949
    Volume (V)              27508
    Difficulty (D)          138.0
    Effort to implement (E) 3796138
    Time to implement (T)   58 hours, 35 minutes
    Est Delivered Bugs (B)  8
    Cyclomatic Complexity   58
    Maintainability (MI)    75

 Segment     Used  Free
-----------  ----  ----
00000-00002     4  0  
00004-00006     0  4  
00008-000D6   208  0  
000D8-0FFFE  6208  59112  
10000-1FFFE     0  65536  



